<?xml version="1.0" encoding="UTF-8"?>
<Site BuildName="(empty)"
	BuildStamp="20260308-1450-Experimental"
	Name="(empty)"
	Generator="ctest-4.3.0-rc1"
	CompilerName=""
	CompilerVersion=""
	OSName="Windows"
	Hostname="DESKTOP-9214893"
	OSRelease="10.0.26200"
	OSVersion="Windows 10"
	OSPlatform="AMD64"
	Is64Bits="1"
	VendorString="AuthenticAMD"
	VendorID="Advanced Micro Devices"
	FamilyID="15"
	ModelID="0"
	ModelName="AMD Ryzen 5 5500"
	ProcessorCacheSize="64"
	NumberOfLogicalCPU="12"
	NumberOfPhysicalCPU="6"
	TotalVirtualMemory="16384"
	TotalPhysicalMemory="16276"
	LogicalProcessorsPerPhysical="2"
	ProcessorClockFrequency="3600.000000"
	>
	<Testing>
		<StartDateTime>Mar 08 11:50 Hora oficial do Brasil</StartDateTime>
		<StartTestTime>1772981429</StartTestTime>
		<TestList/>
		<EndDateTime>Mar 08 11:50 Hora oficial do Brasil</EndDateTime>
		<EndTestTime>1772981429</EndTestTime>
		<ElapsedMinutes>0</ElapsedMinutes>
	</Testing>
</Site>
